2025-05-19 23:43:57,712 - asyncio - DEBUG - Using proactor: IocpProactor
2025-05-19 23:43:57,713 - __main__ - INFO - Starting bot...
2025-05-19 23:43:57,714 - __main__ - INFO - Bot token found: 81904...
2025-05-19 23:43:57,715 - httpx - DEBUG - load_ssl_context verify=True cert=None trust_env=True http2=False
2025-05-19 23:43:57,718 - httpx - DEBUG - load_verify_locations cafile='C:\\Users\\CensoredBear.Natalia\\AppData\\Local\\Programs\\Python\\Python311\\Lib\\site-packages\\certifi\\cacert.pem'
2025-05-19 23:43:58,164 - httpx - DEBUG - load_ssl_context verify=True cert=None trust_env=True http2=False
2025-05-19 23:43:58,164 - httpx - DEBUG - load_verify_locations cafile='C:\\Users\\CensoredBear.Natalia\\AppData\\Local\\Programs\\Python\\Python311\\Lib\\site-packages\\certifi\\cacert.pem'
2025-05-19 23:43:58,578 - __main__ - INFO - Application built successfully
2025-05-19 23:43:58,578 - __main__ - INFO - Error handler added
2025-05-19 23:43:58,578 - __main__ - INFO - Go command handler added
2025-05-19 23:43:58,578 - __main__ - INFO - Conversation handler added successfully
2025-05-19 23:43:58,578 - __main__ - INFO - Echo handler added
2025-05-19 23:43:58,578 - telegram.ext.ExtBot - DEBUG - Entering: get_me
2025-05-19 23:43:58,594 - httpcore.connection - DEBUG - connect_tcp.started host='api.telegram.org' port=443 local_address=None timeout=5.0 socket_options=None
2025-05-19 23:43:58,828 - httpcore.connection - DEBUG - connect_tcp.complete return_value=<httpcore._backends.anyio.AnyIOStream object at 0x0000012156D57850>
2025-05-19 23:43:58,836 - httpcore.connection - DEBUG - start_tls.started ssl_context=<ssl.SSLContext object at 0x0000012156C63530> server_hostname='api.telegram.org' timeout=5.0
2025-05-19 23:43:59,065 - httpcore.connection - DEBUG - start_tls.complete return_value=<httpcore._backends.anyio.AnyIOStream object at 0x0000012156D575D0>
2025-05-19 23:43:59,065 - httpcore.http11 - DEBUG - send_request_headers.started request=<Request [b'POST']>
2025-05-19 23:43:59,065 - httpcore.http11 - DEBUG - send_request_headers.complete
2025-05-19 23:43:59,065 - httpcore.http11 - DEBUG - send_request_body.started request=<Request [b'POST']>
2025-05-19 23:43:59,065 - httpcore.http11 - DEBUG - send_request_body.complete
2025-05-19 23:43:59,065 - httpcore.http11 - DEBUG - receive_response_headers.started request=<Request [b'POST']>
2025-05-19 23:43:59,272 - httpcore.http11 - DEBUG - receive_response_headers.complete return_value=(b'HTTP/1.1', 200, b'OK', [(b'Server', b'nginx/1.18.0'), (b'Date', b'Mon, 19 May 2025 15:43:59 GMT'), (b'Content-Type', b'application/json'), (b'Content-Length', b'360'), (b'Connection', b'keep-alive'), (b'Strict-Transport-Security', b'max-age=31536000; includeSubDomains; preload'), (b'Access-Control-Allow-Origin', b'*'), (b'Access-Control-Allow-Methods', b'GET, POST, OPTIONS'), (b'Access-Control-Expose-Headers', b'Content-Length,Content-Type,Date,Server,Connection')])
2025-05-19 23:43:59,272 - httpx - INFO - HTTP Request: POST https://api.telegram.org/bot8190481931:AAHGGuo1Kw6_KQob4xzr6CSOjVl4V58R860/getMe "HTTP/1.1 200 OK"
2025-05-19 23:43:59,272 - httpcore.http11 - DEBUG - receive_response_body.started request=<Request [b'POST']>
2025-05-19 23:43:59,272 - httpcore.http11 - DEBUG - receive_response_body.complete
2025-05-19 23:43:59,272 - httpcore.http11 - DEBUG - response_closed.started
2025-05-19 23:43:59,272 - httpcore.http11 - DEBUG - response_closed.complete
2025-05-19 23:43:59,328 - telegram.ext.ExtBot - DEBUG - Exiting: get_me
2025-05-19 23:43:59,328 - telegram.ext.ExtBot - DEBUG - This Bot is already initialized.
2025-05-19 23:43:59,328 - __main__ - INFO - Application initialized
2025-05-19 23:43:59,328 - telegram.ext.Application - INFO - Application started
2025-05-19 23:43:59,328 - __main__ - INFO - Application started
2025-05-19 23:43:59,328 - telegram.ext.ExtBot - DEBUG - Entering: send_message
2025-05-19 23:43:59,336 - httpcore.http11 - DEBUG - send_request_headers.started request=<Request [b'POST']>
2025-05-19 23:43:59,336 - httpcore.http11 - DEBUG - send_request_headers.complete
2025-05-19 23:43:59,338 - httpcore.http11 - DEBUG - send_request_body.started request=<Request [b'POST']>
2025-05-19 23:43:59,340 - httpcore.http11 - DEBUG - send_request_body.complete
2025-05-19 23:43:59,340 - httpcore.http11 - DEBUG - receive_response_headers.started request=<Request [b'POST']>
2025-05-19 23:43:59,702 - httpcore.http11 - DEBUG - receive_response_headers.complete return_value=(b'HTTP/1.1', 200, b'OK', [(b'Server', b'nginx/1.18.0'), (b'Date', b'Mon, 19 May 2025 15:44:00 GMT'), (b'Content-Type', b'application/json'), (b'Content-Length', b'535'), (b'Connection', b'keep-alive'), (b'Strict-Transport-Security', b'max-age=31536000; includeSubDomains; preload'), (b'Access-Control-Allow-Origin', b'*'), (b'Access-Control-Allow-Methods', b'GET, POST, OPTIONS'), (b'Access-Control-Expose-Headers', b'Content-Length,Content-Type,Date,Server,Connection')])
2025-05-19 23:43:59,702 - httpx - INFO - HTTP Request: POST https://api.telegram.org/bot8190481931:AAHGGuo1Kw6_KQob4xzr6CSOjVl4V58R860/sendMessage "HTTP/1.1 200 OK"
2025-05-19 23:43:59,702 - httpcore.http11 - DEBUG - receive_response_body.started request=<Request [b'POST']>
2025-05-19 23:43:59,702 - httpcore.http11 - DEBUG - receive_response_body.complete
2025-05-19 23:43:59,709 - httpcore.http11 - DEBUG - response_closed.started
2025-05-19 23:43:59,710 - httpcore.http11 - DEBUG - response_closed.complete
2025-05-19 23:43:59,729 - telegram.ext.ExtBot - DEBUG - Exiting: send_message
2025-05-19 23:43:59,729 - __main__ - INFO - Startup message sent to admin
2025-05-19 23:43:59,730 - __main__ - INFO - Starting polling...
2025-05-19 23:43:59,784 - __main__ - ERROR - Error during bot startup: Cannot close a running event loop
2025-05-19 23:43:59,785 - telegram.ext.Application - WARNING - Fetching updates got a asyncio.CancelledError. Ignoring as this task may onlybe closed via `Application.stop`.
2025-05-19 23:45:20,659 - asyncio - DEBUG - Using proactor: IocpProactor
2025-05-19 23:45:20,659 - __main__ - INFO - Starting bot...
2025-05-19 23:45:20,659 - __main__ - INFO - Bot token found: 81904...
2025-05-19 23:45:20,659 - httpx - DEBUG - load_ssl_context verify=True cert=None trust_env=True http2=False
2025-05-19 23:45:20,659 - httpx - DEBUG - load_verify_locations cafile='C:\\Users\\CensoredBear.Natalia\\AppData\\Local\\Programs\\Python\\Python311\\Lib\\site-packages\\certifi\\cacert.pem'
2025-05-19 23:45:21,182 - httpx - DEBUG - load_ssl_context verify=True cert=None trust_env=True http2=False
2025-05-19 23:45:21,182 - httpx - DEBUG - load_verify_locations cafile='C:\\Users\\CensoredBear.Natalia\\AppData\\Local\\Programs\\Python\\Python311\\Lib\\site-packages\\certifi\\cacert.pem'
2025-05-19 23:45:21,578 - __main__ - INFO - Application built successfully
2025-05-19 23:45:21,578 - __main__ - INFO - Error handler added
2025-05-19 23:45:21,578 - __main__ - INFO - Go command handler added
2025-05-19 23:45:21,578 - __main__ - INFO - Conversation handler added successfully
2025-05-19 23:45:21,578 - __main__ - INFO - Echo handler added
2025-05-19 23:45:21,578 - telegram.ext.ExtBot - DEBUG - Entering: get_me
2025-05-19 23:45:21,593 - httpcore.connection - DEBUG - connect_tcp.started host='api.telegram.org' port=443 local_address=None timeout=5.0 socket_options=None
2025-05-19 23:45:21,807 - httpcore.connection - DEBUG - connect_tcp.complete return_value=<httpcore._backends.anyio.AnyIOStream object at 0x000001D5BD21B710>
2025-05-19 23:45:21,810 - httpcore.connection - DEBUG - start_tls.started ssl_context=<ssl.SSLContext object at 0x000001D5BD127530> server_hostname='api.telegram.org' timeout=5.0
2025-05-19 23:45:22,056 - httpcore.connection - DEBUG - start_tls.complete return_value=<httpcore._backends.anyio.AnyIOStream object at 0x000001D5BD21B4D0>
2025-05-19 23:45:22,056 - httpcore.http11 - DEBUG - send_request_headers.started request=<Request [b'POST']>
2025-05-19 23:45:22,056 - httpcore.http11 - DEBUG - send_request_headers.complete
2025-05-19 23:45:22,056 - httpcore.http11 - DEBUG - send_request_body.started request=<Request [b'POST']>
2025-05-19 23:45:22,056 - httpcore.http11 - DEBUG - send_request_body.complete
2025-05-19 23:45:22,056 - httpcore.http11 - DEBUG - receive_response_headers.started request=<Request [b'POST']>
2025-05-19 23:45:22,256 - httpcore.http11 - DEBUG - receive_response_headers.complete return_value=(b'HTTP/1.1', 200, b'OK', [(b'Server', b'nginx/1.18.0'), (b'Date', b'Mon, 19 May 2025 15:45:22 GMT'), (b'Content-Type', b'application/json'), (b'Content-Length', b'360'), (b'Connection', b'keep-alive'), (b'Strict-Transport-Security', b'max-age=31536000; includeSubDomains; preload'), (b'Access-Control-Allow-Origin', b'*'), (b'Access-Control-Allow-Methods', b'GET, POST, OPTIONS'), (b'Access-Control-Expose-Headers', b'Content-Length,Content-Type,Date,Server,Connection')])
2025-05-19 23:45:22,256 - httpx - INFO - HTTP Request: POST https://api.telegram.org/bot8190481931:AAHGGuo1Kw6_KQob4xzr6CSOjVl4V58R860/getMe "HTTP/1.1 200 OK"
2025-05-19 23:45:22,256 - httpcore.http11 - DEBUG - receive_response_body.started request=<Request [b'POST']>
2025-05-19 23:45:22,256 - httpcore.http11 - DEBUG - receive_response_body.complete
2025-05-19 23:45:22,256 - httpcore.http11 - DEBUG - response_closed.started
2025-05-19 23:45:22,256 - httpcore.http11 - DEBUG - response_closed.complete
2025-05-19 23:45:22,290 - telegram.ext.ExtBot - DEBUG - Exiting: get_me
2025-05-19 23:45:22,290 - telegram.ext.ExtBot - DEBUG - This Bot is already initialized.
2025-05-19 23:45:22,295 - __main__ - INFO - Application initialized
2025-05-19 23:45:22,295 - telegram.ext.Application - INFO - Application started
2025-05-19 23:45:22,296 - __main__ - INFO - Application started
2025-05-19 23:45:22,296 - telegram.ext.ExtBot - DEBUG - Entering: send_message
2025-05-19 23:45:22,296 - httpcore.http11 - DEBUG - send_request_headers.started request=<Request [b'POST']>
2025-05-19 23:45:22,296 - httpcore.http11 - DEBUG - send_request_headers.complete
2025-05-19 23:45:22,296 - httpcore.http11 - DEBUG - send_request_body.started request=<Request [b'POST']>
2025-05-19 23:45:22,296 - httpcore.http11 - DEBUG - send_request_body.complete
2025-05-19 23:45:22,303 - httpcore.http11 - DEBUG - receive_response_headers.started request=<Request [b'POST']>
2025-05-19 23:45:22,567 - httpcore.http11 - DEBUG - receive_response_headers.complete return_value=(b'HTTP/1.1', 200, b'OK', [(b'Server', b'nginx/1.18.0'), (b'Date', b'Mon, 19 May 2025 15:45:23 GMT'), (b'Content-Type', b'application/json'), (b'Content-Length', b'535'), (b'Connection', b'keep-alive'), (b'Strict-Transport-Security', b'max-age=31536000; includeSubDomains; preload'), (b'Access-Control-Allow-Origin', b'*'), (b'Access-Control-Allow-Methods', b'GET, POST, OPTIONS'), (b'Access-Control-Expose-Headers', b'Content-Length,Content-Type,Date,Server,Connection')])
2025-05-19 23:45:22,567 - httpx - INFO - HTTP Request: POST https://api.telegram.org/bot8190481931:AAHGGuo1Kw6_KQob4xzr6CSOjVl4V58R860/sendMessage "HTTP/1.1 200 OK"
2025-05-19 23:45:22,567 - httpcore.http11 - DEBUG - receive_response_body.started request=<Request [b'POST']>
2025-05-19 23:45:22,567 - httpcore.http11 - DEBUG - receive_response_body.complete
2025-05-19 23:45:22,567 - httpcore.http11 - DEBUG - response_closed.started
2025-05-19 23:45:22,567 - httpcore.http11 - DEBUG - response_closed.complete
2025-05-19 23:45:22,596 - telegram.ext.ExtBot - DEBUG - Exiting: send_message
2025-05-19 23:45:22,597 - __main__ - INFO - Startup message sent to admin
2025-05-19 23:45:22,597 - __main__ - INFO - Starting polling...
2025-05-19 23:45:22,652 - __main__ - ERROR - Critical error during bot startup: This event loop is already running
Traceback (most recent call last):
  File "C:\Users\CensoredBear.Natalia\AppData\Local\Programs\Python\Python311\Lib\site-packages\telegram\ext\_application.py", line 1006, in __run
    raise exc
  File "C:\Users\CensoredBear.Natalia\AppData\Local\Programs\Python\Python311\Lib\site-packages\telegram\ext\_application.py", line 995, in __run
    loop.run_until_complete(self.initialize())
  File "C:\Users\CensoredBear.Natalia\AppData\Local\Programs\Python\Python311\Lib\asyncio\base_events.py", line 629, in run_until_complete
    self._check_running()
  File "C:\Users\CensoredBear.Natalia\AppData\Local\Programs\Python\Python311\Lib\asyncio\base_events.py", line 588, in _check_running
    raise RuntimeError('This event loop is already running')
RuntimeError: This event loop is already running

During handling of the above exception, another exception occurred:

Traceback (most recent call last):
  File "C:\Users\CensoredBear.Natalia\habit_tracker_bot\bot.py", line 310, in main
    await application.run_polling(
          ^^^^^^^^^^^^^^^^^^^^^^^^
  File "C:\Users\CensoredBear.Natalia\AppData\Local\Programs\Python\Python311\Lib\site-packages\telegram\ext\_application.py", line 818, in run_polling
    return self.__run(
           ^^^^^^^^^^^
  File "C:\Users\CensoredBear.Natalia\AppData\Local\Programs\Python\Python311\Lib\site-packages\telegram\ext\_application.py", line 1014, in __run
    loop.run_until_complete(self.stop())
  File "C:\Users\CensoredBear.Natalia\AppData\Local\Programs\Python\Python311\Lib\asyncio\base_events.py", line 629, in run_until_complete
    self._check_running()
  File "C:\Users\CensoredBear.Natalia\AppData\Local\Programs\Python\Python311\Lib\asyncio\base_events.py", line 588, in _check_running
    raise RuntimeError('This event loop is already running')
RuntimeError: This event loop is already running
2025-05-19 23:45:22,661 - telegram.ext.Application - INFO - Application is stopping. This might take a moment.
2025-05-19 23:45:22,661 - telegram.ext.Application - DEBUG - Waiting for update_queue to join
2025-05-19 23:45:22,662 - telegram.ext.Application - DEBUG - Dropping pending updates
2025-05-19 23:45:22,662 - telegram.ext.Application - DEBUG - Application stopped fetching of updates.
2025-05-19 23:45:22,662 - telegram.ext.Application - DEBUG - Waiting for `create_task` calls to be processed
2025-05-19 23:45:22,663 - telegram.ext.Application - INFO - Application.stop() complete
2025-05-19 23:45:22,663 - httpcore.connection - DEBUG - close.started
2025-05-19 23:45:22,664 - httpcore.connection - DEBUG - close.complete
2025-05-19 23:45:22,665 - telegram.ext.ExtBot - DEBUG - This Bot is already shut down. Returning.
2025-05-19 23:45:22,665 - telegram.ext.Updater - DEBUG - Shut down of Updater complete
2025-05-19 23:45:22,666 - __main__ - INFO - Bot shutdown completed
2025-05-19 23:45:22,666 - __main__ - ERROR - Fatal error occurred: This event loop is already running
Traceback (most recent call last):
  File "C:\Users\CensoredBear.Natalia\AppData\Local\Programs\Python\Python311\Lib\site-packages\telegram\ext\_application.py", line 1006, in __run
    raise exc
  File "C:\Users\CensoredBear.Natalia\AppData\Local\Programs\Python\Python311\Lib\site-packages\telegram\ext\_application.py", line 995, in __run
    loop.run_until_complete(self.initialize())
  File "C:\Users\CensoredBear.Natalia\AppData\Local\Programs\Python\Python311\Lib\asyncio\base_events.py", line 629, in run_until_complete
    self._check_running()
  File "C:\Users\CensoredBear.Natalia\AppData\Local\Programs\Python\Python311\Lib\asyncio\base_events.py", line 588, in _check_running
    raise RuntimeError('This event loop is already running')
RuntimeError: This event loop is already running

During handling of the above exception, another exception occurred:

Traceback (most recent call last):
  File "C:\Users\CensoredBear.Natalia\habit_tracker_bot\bot.py", line 335, in <module>
    loop.run_until_complete(main())
  File "C:\Users\CensoredBear.Natalia\AppData\Local\Programs\Python\Python311\Lib\asyncio\base_events.py", line 653, in run_until_complete
    return future.result()
           ^^^^^^^^^^^^^^^
  File "C:\Users\CensoredBear.Natalia\habit_tracker_bot\bot.py", line 310, in main
    await application.run_polling(
          ^^^^^^^^^^^^^^^^^^^^^^^^
  File "C:\Users\CensoredBear.Natalia\AppData\Local\Programs\Python\Python311\Lib\site-packages\telegram\ext\_application.py", line 818, in run_polling
    return self.__run(
           ^^^^^^^^^^^
  File "C:\Users\CensoredBear.Natalia\AppData\Local\Programs\Python\Python311\Lib\site-packages\telegram\ext\_application.py", line 1014, in __run
    loop.run_until_complete(self.stop())
  File "C:\Users\CensoredBear.Natalia\AppData\Local\Programs\Python\Python311\Lib\asyncio\base_events.py", line 629, in run_until_complete
    self._check_running()
  File "C:\Users\CensoredBear.Natalia\AppData\Local\Programs\Python\Python311\Lib\asyncio\base_events.py", line 588, in _check_running
    raise RuntimeError('This event loop is already running')
RuntimeError: This event loop is already running
2025-05-31 22:17:01,454 - __main__ - INFO - Бот запущен в 2025-05-31 14:17:01.454450+00:00
2025-05-31 22:17:02,646 - __main__ - INFO - Startup message sent to admin chat
2025-05-31 22:17:03,000 - telegram.ext.Application - WARNING - Fetching updates got a asyncio.CancelledError. Ignoring as this task may onlybe closed via `Application.stop`.
2025-05-31 22:17:48,844 - __main__ - INFO - Бот запущен в 2025-05-31 14:17:48.844720+00:00
2025-05-31 22:17:50,044 - __main__ - INFO - Startup message sent to admin chat
2025-05-31 22:18:20,634 - __main__ - INFO - Бот запущен в 2025-05-31 14:18:20.634288+00:00
2025-05-31 22:18:21,976 - __main__ - INFO - Startup message sent to admin chat
2025-05-31 22:18:54,575 - __main__ - INFO - Бот запущен в 2025-05-31 14:18:54.575494+00:00
2025-05-31 22:18:55,926 - __main__ - INFO - Startup message sent to admin chat
2025-05-31 22:18:56,150 - telegram.ext.Application - WARNING - Fetching updates got a asyncio.CancelledError. Ignoring as this task may onlybe closed via `Application.stop`.
2025-05-31 22:19:36,217 - __main__ - INFO - Бот запущен в 2025-05-31 14:19:36.217352+00:00
2025-05-31 22:19:37,555 - __main__ - INFO - Startup message sent to admin chat
2025-05-31 22:20:31,416 - __main__ - INFO - Бот запущен в 2025-05-31 14:20:31.416272+00:00
2025-05-31 22:20:32,765 - telegram.ext.Application - WARNING - Fetching updates got a asyncio.CancelledError. Ignoring as this task may onlybe closed via `Application.stop`.
2025-05-31 22:21:26,786 - __main__ - INFO - Бот запущен в 2025-05-31 14:21:26.786209+00:00
2025-05-31 22:21:28,162 - __main__ - INFO - Startup message sent to admin chat
2025-05-31 22:21:28,390 - telegram.ext.Application - WARNING - Fetching updates got a asyncio.CancelledError. Ignoring as this task may onlybe closed via `Application.stop`.
2025-05-31 22:22:35,371 - __main__ - INFO - Бот запущен в 2025-05-31 14:22:35.371286+00:00
2025-05-31 22:22:36,831 - __main__ - INFO - Startup message sent to admin chat
2025-05-31 22:24:01,847 - __main__ - INFO - Бот запущен в 2025-05-31 14:24:01.847347+00:00
2025-05-31 22:24:03,134 - __main__ - INFO - Startup message sent to admin chat
2025-05-31 22:24:03,412 - asyncio - ERROR - Task was destroyed but it is pending!
task: <Task pending name='Application:8190481931:update_fetcher' coro=<Application._update_fetcher() done, defined at C:\Users\CensoredBear.Natalia\habit_tracker_bot\venv\Lib\site-packages\telegram\ext\_application.py:1145> wait_for=<Future cancelled>>
2025-05-31 22:24:52,031 - __main__ - INFO - Бот запущен в 2025-05-31 14:24:52.031353+00:00
2025-05-31 22:24:53,621 - __main__ - INFO - Startup message sent to admin chat
2025-05-31 22:26:19,312 - __main__ - INFO - Бот запущен в 2025-05-31 14:26:19.312576+00:00
2025-05-31 22:26:20,929 - __main__ - INFO - Startup message sent to admin chat
2025-05-31 22:27:32,318 - __main__ - INFO - Бот запущен в 2025-05-31 14:27:32.318806+00:00
2025-05-31 22:27:33,686 - __main__ - INFO - Startup message sent to admin chat
2025-05-31 22:27:33,929 - telegram.ext.Application - WARNING - Fetching updates got a asyncio.CancelledError. Ignoring as this task may onlybe closed via `Application.stop`.
2025-05-31 22:29:02,283 - __main__ - INFO - Бот запущен в 2025-05-31 14:29:02.283365+00:00
2025-05-31 22:29:03,753 - __main__ - INFO - Startup message sent to admin chat
2025-05-31 22:29:51,619 - __main__ - INFO - Бот запущен в 2025-05-31 14:29:51.619326+00:00
2025-05-31 22:29:52,885 - __main__ - INFO - Startup message sent to admin chat
2025-05-31 22:30:23,892 - __main__ - INFO - Бот запущен в 2025-05-31 14:30:23.892290+00:00
2025-05-31 22:30:50,187 - __main__ - INFO - Бот запущен в 2025-05-31 14:30:50.187765+00:00
2025-05-31 22:31:08,736 - __main__ - INFO - Бот запущен в 2025-05-31 14:31:08.736496+00:00
2025-05-31 22:31:11,107 - __main__ - INFO - Игнорируем старое сообщение от 989822762 (отправлено до запуска бота)
2025-05-31 22:31:21,284 - __main__ - INFO - Пользователь 989822762 (Наталья) запустил бота командой /start
2025-05-31 22:31:27,029 - __main__ - INFO - Пользователь 989822762 (Наталья) запустил бота командой /start
2025-05-31 22:31:47,944 - __main__ - INFO - Бот запущен в 2025-05-31 14:31:47.944743+00:00
2025-05-31 22:32:38,431 - __main__ - INFO - Бот запущен в 2025-05-31 14:32:38.431517+00:00
2025-05-31 22:32:39,973 - __main__ - INFO - Startup message sent to admin chat
2025-05-31 22:32:40,766 - telegram.ext.Updater - ERROR - Exception happened while polling for updates.
Traceback (most recent call last):
  File "C:\Users\CensoredBear.Natalia\habit_tracker_bot\venv\Lib\site-packages\telegram\ext\_utils\networkloop.py", line 115, in network_retry_loop
    if not await do_action():
           ^^^^^^^^^^^^^^^^^
  File "C:\Users\CensoredBear.Natalia\habit_tracker_bot\venv\Lib\site-packages\telegram\ext\_utils\networkloop.py", line 108, in do_action
    return action_cb_task.result()
           ^^^^^^^^^^^^^^^^^^^^^^^
  File "C:\Users\CensoredBear.Natalia\habit_tracker_bot\venv\Lib\site-packages\telegram\ext\_updater.py", line 335, in polling_action_cb
    updates = await self.bot.get_updates(
              ^^^^^^^^^^^^^^^^^^^^^^^^^^^
  File "C:\Users\CensoredBear.Natalia\habit_tracker_bot\venv\Lib\site-packages\telegram\ext\_extbot.py", line 669, in get_updates
    updates = await super().get_updates(
              ^^^^^^^^^^^^^^^^^^^^^^^^^^
  File "C:\Users\CensoredBear.Natalia\habit_tracker_bot\venv\Lib\site-packages\telegram\_bot.py", line 4601, in get_updates
    await self._post(
  File "C:\Users\CensoredBear.Natalia\habit_tracker_bot\venv\Lib\site-packages\telegram\_bot.py", line 697, in _post
    return await self._do_post(
           ^^^^^^^^^^^^^^^^^^^^
  File "C:\Users\CensoredBear.Natalia\habit_tracker_bot\venv\Lib\site-packages\telegram\ext\_extbot.py", line 369, in _do_post
    return await super()._do_post(
           ^^^^^^^^^^^^^^^^^^^^^^^
  File "C:\Users\CensoredBear.Natalia\habit_tracker_bot\venv\Lib\site-packages\telegram\_bot.py", line 726, in _do_post
    result = await request.post(
             ^^^^^^^^^^^^^^^^^^^
  File "C:\Users\CensoredBear.Natalia\habit_tracker_bot\venv\Lib\site-packages\telegram\request\_baserequest.py", line 197, in post
    result = await self._request_wrapper(
             ^^^^^^^^^^^^^^^^^^^^^^^^^^^^
  File "C:\Users\CensoredBear.Natalia\habit_tracker_bot\venv\Lib\site-packages\telegram\request\_baserequest.py", line 355, in _request_wrapper
    raise Conflict(message)
telegram.error.Conflict: Conflict: terminated by other getUpdates request; make sure that only one bot instance is running
2025-05-31 22:32:44,971 - telegram.ext.Updater - ERROR - Exception happened while polling for updates.
Traceback (most recent call last):
  File "C:\Users\CensoredBear.Natalia\habit_tracker_bot\venv\Lib\site-packages\telegram\ext\_utils\networkloop.py", line 115, in network_retry_loop
    if not await do_action():
           ^^^^^^^^^^^^^^^^^
  File "C:\Users\CensoredBear.Natalia\habit_tracker_bot\venv\Lib\site-packages\telegram\ext\_utils\networkloop.py", line 108, in do_action
    return action_cb_task.result()
           ^^^^^^^^^^^^^^^^^^^^^^^
  File "C:\Users\CensoredBear.Natalia\habit_tracker_bot\venv\Lib\site-packages\telegram\ext\_updater.py", line 335, in polling_action_cb
    updates = await self.bot.get_updates(
              ^^^^^^^^^^^^^^^^^^^^^^^^^^^
  File "C:\Users\CensoredBear.Natalia\habit_tracker_bot\venv\Lib\site-packages\telegram\ext\_extbot.py", line 669, in get_updates
    updates = await super().get_updates(
              ^^^^^^^^^^^^^^^^^^^^^^^^^^
  File "C:\Users\CensoredBear.Natalia\habit_tracker_bot\venv\Lib\site-packages\telegram\_bot.py", line 4601, in get_updates
    await self._post(
  File "C:\Users\CensoredBear.Natalia\habit_tracker_bot\venv\Lib\site-packages\telegram\_bot.py", line 697, in _post
    return await self._do_post(
           ^^^^^^^^^^^^^^^^^^^^
  File "C:\Users\CensoredBear.Natalia\habit_tracker_bot\venv\Lib\site-packages\telegram\ext\_extbot.py", line 369, in _do_post
    return await super()._do_post(
           ^^^^^^^^^^^^^^^^^^^^^^^
  File "C:\Users\CensoredBear.Natalia\habit_tracker_bot\venv\Lib\site-packages\telegram\_bot.py", line 726, in _do_post
    result = await request.post(
             ^^^^^^^^^^^^^^^^^^^
  File "C:\Users\CensoredBear.Natalia\habit_tracker_bot\venv\Lib\site-packages\telegram\request\_baserequest.py", line 197, in post
    result = await self._request_wrapper(
             ^^^^^^^^^^^^^^^^^^^^^^^^^^^^
  File "C:\Users\CensoredBear.Natalia\habit_tracker_bot\venv\Lib\site-packages\telegram\request\_baserequest.py", line 355, in _request_wrapper
    raise Conflict(message)
telegram.error.Conflict: Conflict: terminated by other getUpdates request; make sure that only one bot instance is running
2025-05-31 22:32:46,180 - telegram.ext.Updater - ERROR - Exception happened while polling for updates.
Traceback (most recent call last):
  File "C:\Users\CensoredBear.Natalia\habit_tracker_bot\venv\Lib\site-packages\telegram\ext\_utils\networkloop.py", line 115, in network_retry_loop
    if not await do_action():
           ^^^^^^^^^^^^^^^^^
  File "C:\Users\CensoredBear.Natalia\habit_tracker_bot\venv\Lib\site-packages\telegram\ext\_utils\networkloop.py", line 108, in do_action
    return action_cb_task.result()
           ^^^^^^^^^^^^^^^^^^^^^^^
  File "C:\Users\CensoredBear.Natalia\habit_tracker_bot\venv\Lib\site-packages\telegram\ext\_updater.py", line 335, in polling_action_cb
    updates = await self.bot.get_updates(
              ^^^^^^^^^^^^^^^^^^^^^^^^^^^
  File "C:\Users\CensoredBear.Natalia\habit_tracker_bot\venv\Lib\site-packages\telegram\ext\_extbot.py", line 669, in get_updates
    updates = await super().get_updates(
              ^^^^^^^^^^^^^^^^^^^^^^^^^^
  File "C:\Users\CensoredBear.Natalia\habit_tracker_bot\venv\Lib\site-packages\telegram\_bot.py", line 4601, in get_updates
    await self._post(
  File "C:\Users\CensoredBear.Natalia\habit_tracker_bot\venv\Lib\site-packages\telegram\_bot.py", line 697, in _post
    return await self._do_post(
           ^^^^^^^^^^^^^^^^^^^^
  File "C:\Users\CensoredBear.Natalia\habit_tracker_bot\venv\Lib\site-packages\telegram\ext\_extbot.py", line 369, in _do_post
    return await super()._do_post(
           ^^^^^^^^^^^^^^^^^^^^^^^
  File "C:\Users\CensoredBear.Natalia\habit_tracker_bot\venv\Lib\site-packages\telegram\_bot.py", line 726, in _do_post
    result = await request.post(
             ^^^^^^^^^^^^^^^^^^^
  File "C:\Users\CensoredBear.Natalia\habit_tracker_bot\venv\Lib\site-packages\telegram\request\_baserequest.py", line 197, in post
    result = await self._request_wrapper(
             ^^^^^^^^^^^^^^^^^^^^^^^^^^^^
  File "C:\Users\CensoredBear.Natalia\habit_tracker_bot\venv\Lib\site-packages\telegram\request\_baserequest.py", line 355, in _request_wrapper
    raise Conflict(message)
telegram.error.Conflict: Conflict: terminated by other getUpdates request; make sure that only one bot instance is running
2025-05-31 22:32:50,891 - telegram.ext.Updater - ERROR - Exception happened while polling for updates.
Traceback (most recent call last):
  File "C:\Users\CensoredBear.Natalia\habit_tracker_bot\venv\Lib\site-packages\telegram\ext\_utils\networkloop.py", line 115, in network_retry_loop
    if not await do_action():
           ^^^^^^^^^^^^^^^^^
  File "C:\Users\CensoredBear.Natalia\habit_tracker_bot\venv\Lib\site-packages\telegram\ext\_utils\networkloop.py", line 108, in do_action
    return action_cb_task.result()
           ^^^^^^^^^^^^^^^^^^^^^^^
  File "C:\Users\CensoredBear.Natalia\habit_tracker_bot\venv\Lib\site-packages\telegram\ext\_updater.py", line 335, in polling_action_cb
    updates = await self.bot.get_updates(
              ^^^^^^^^^^^^^^^^^^^^^^^^^^^
  File "C:\Users\CensoredBear.Natalia\habit_tracker_bot\venv\Lib\site-packages\telegram\ext\_extbot.py", line 669, in get_updates
    updates = await super().get_updates(
              ^^^^^^^^^^^^^^^^^^^^^^^^^^
  File "C:\Users\CensoredBear.Natalia\habit_tracker_bot\venv\Lib\site-packages\telegram\_bot.py", line 4601, in get_updates
    await self._post(
  File "C:\Users\CensoredBear.Natalia\habit_tracker_bot\venv\Lib\site-packages\telegram\_bot.py", line 697, in _post
    return await self._do_post(
           ^^^^^^^^^^^^^^^^^^^^
  File "C:\Users\CensoredBear.Natalia\habit_tracker_bot\venv\Lib\site-packages\telegram\ext\_extbot.py", line 369, in _do_post
    return await super()._do_post(
           ^^^^^^^^^^^^^^^^^^^^^^^
  File "C:\Users\CensoredBear.Natalia\habit_tracker_bot\venv\Lib\site-packages\telegram\_bot.py", line 726, in _do_post
    result = await request.post(
             ^^^^^^^^^^^^^^^^^^^
  File "C:\Users\CensoredBear.Natalia\habit_tracker_bot\venv\Lib\site-packages\telegram\request\_baserequest.py", line 197, in post
    result = await self._request_wrapper(
             ^^^^^^^^^^^^^^^^^^^^^^^^^^^^
  File "C:\Users\CensoredBear.Natalia\habit_tracker_bot\venv\Lib\site-packages\telegram\request\_baserequest.py", line 355, in _request_wrapper
    raise Conflict(message)
telegram.error.Conflict: Conflict: terminated by other getUpdates request; make sure that only one bot instance is running
2025-05-31 22:32:52,597 - telegram.ext.Updater - ERROR - Exception happened while polling for updates.
Traceback (most recent call last):
  File "C:\Users\CensoredBear.Natalia\habit_tracker_bot\venv\Lib\site-packages\telegram\ext\_utils\networkloop.py", line 115, in network_retry_loop
    if not await do_action():
           ^^^^^^^^^^^^^^^^^
  File "C:\Users\CensoredBear.Natalia\habit_tracker_bot\venv\Lib\site-packages\telegram\ext\_utils\networkloop.py", line 108, in do_action
    return action_cb_task.result()
           ^^^^^^^^^^^^^^^^^^^^^^^
  File "C:\Users\CensoredBear.Natalia\habit_tracker_bot\venv\Lib\site-packages\telegram\ext\_updater.py", line 335, in polling_action_cb
    updates = await self.bot.get_updates(
              ^^^^^^^^^^^^^^^^^^^^^^^^^^^
  File "C:\Users\CensoredBear.Natalia\habit_tracker_bot\venv\Lib\site-packages\telegram\ext\_extbot.py", line 669, in get_updates
    updates = await super().get_updates(
              ^^^^^^^^^^^^^^^^^^^^^^^^^^
  File "C:\Users\CensoredBear.Natalia\habit_tracker_bot\venv\Lib\site-packages\telegram\_bot.py", line 4601, in get_updates
    await self._post(
  File "C:\Users\CensoredBear.Natalia\habit_tracker_bot\venv\Lib\site-packages\telegram\_bot.py", line 697, in _post
    return await self._do_post(
           ^^^^^^^^^^^^^^^^^^^^
  File "C:\Users\CensoredBear.Natalia\habit_tracker_bot\venv\Lib\site-packages\telegram\ext\_extbot.py", line 369, in _do_post
    return await super()._do_post(
           ^^^^^^^^^^^^^^^^^^^^^^^
  File "C:\Users\CensoredBear.Natalia\habit_tracker_bot\venv\Lib\site-packages\telegram\_bot.py", line 726, in _do_post
    result = await request.post(
             ^^^^^^^^^^^^^^^^^^^
  File "C:\Users\CensoredBear.Natalia\habit_tracker_bot\venv\Lib\site-packages\telegram\request\_baserequest.py", line 197, in post
    result = await self._request_wrapper(
             ^^^^^^^^^^^^^^^^^^^^^^^^^^^^
  File "C:\Users\CensoredBear.Natalia\habit_tracker_bot\venv\Lib\site-packages\telegram\request\_baserequest.py", line 355, in _request_wrapper
    raise Conflict(message)
telegram.error.Conflict: Conflict: terminated by other getUpdates request; make sure that only one bot instance is running
2025-05-31 22:32:58,044 - telegram.ext.Updater - ERROR - Exception happened while polling for updates.
Traceback (most recent call last):
  File "C:\Users\CensoredBear.Natalia\habit_tracker_bot\venv\Lib\site-packages\telegram\ext\_utils\networkloop.py", line 115, in network_retry_loop
    if not await do_action():
           ^^^^^^^^^^^^^^^^^
  File "C:\Users\CensoredBear.Natalia\habit_tracker_bot\venv\Lib\site-packages\telegram\ext\_utils\networkloop.py", line 108, in do_action
    return action_cb_task.result()
           ^^^^^^^^^^^^^^^^^^^^^^^
  File "C:\Users\CensoredBear.Natalia\habit_tracker_bot\venv\Lib\site-packages\telegram\ext\_updater.py", line 335, in polling_action_cb
    updates = await self.bot.get_updates(
              ^^^^^^^^^^^^^^^^^^^^^^^^^^^
  File "C:\Users\CensoredBear.Natalia\habit_tracker_bot\venv\Lib\site-packages\telegram\ext\_extbot.py", line 669, in get_updates
    updates = await super().get_updates(
              ^^^^^^^^^^^^^^^^^^^^^^^^^^
  File "C:\Users\CensoredBear.Natalia\habit_tracker_bot\venv\Lib\site-packages\telegram\_bot.py", line 4601, in get_updates
    await self._post(
  File "C:\Users\CensoredBear.Natalia\habit_tracker_bot\venv\Lib\site-packages\telegram\_bot.py", line 697, in _post
    return await self._do_post(
           ^^^^^^^^^^^^^^^^^^^^
  File "C:\Users\CensoredBear.Natalia\habit_tracker_bot\venv\Lib\site-packages\telegram\ext\_extbot.py", line 369, in _do_post
    return await super()._do_post(
           ^^^^^^^^^^^^^^^^^^^^^^^
  File "C:\Users\CensoredBear.Natalia\habit_tracker_bot\venv\Lib\site-packages\telegram\_bot.py", line 726, in _do_post
    result = await request.post(
             ^^^^^^^^^^^^^^^^^^^
  File "C:\Users\CensoredBear.Natalia\habit_tracker_bot\venv\Lib\site-packages\telegram\request\_baserequest.py", line 197, in post
    result = await self._request_wrapper(
             ^^^^^^^^^^^^^^^^^^^^^^^^^^^^
  File "C:\Users\CensoredBear.Natalia\habit_tracker_bot\venv\Lib\site-packages\telegram\request\_baserequest.py", line 355, in _request_wrapper
    raise Conflict(message)
telegram.error.Conflict: Conflict: terminated by other getUpdates request; make sure that only one bot instance is running
2025-05-31 22:33:00,494 - telegram.ext.Updater - ERROR - Exception happened while polling for updates.
Traceback (most recent call last):
  File "C:\Users\CensoredBear.Natalia\habit_tracker_bot\venv\Lib\site-packages\telegram\ext\_utils\networkloop.py", line 115, in network_retry_loop
    if not await do_action():
           ^^^^^^^^^^^^^^^^^
  File "C:\Users\CensoredBear.Natalia\habit_tracker_bot\venv\Lib\site-packages\telegram\ext\_utils\networkloop.py", line 108, in do_action
    return action_cb_task.result()
           ^^^^^^^^^^^^^^^^^^^^^^^
  File "C:\Users\CensoredBear.Natalia\habit_tracker_bot\venv\Lib\site-packages\telegram\ext\_updater.py", line 335, in polling_action_cb
    updates = await self.bot.get_updates(
              ^^^^^^^^^^^^^^^^^^^^^^^^^^^
  File "C:\Users\CensoredBear.Natalia\habit_tracker_bot\venv\Lib\site-packages\telegram\ext\_extbot.py", line 669, in get_updates
    updates = await super().get_updates(
              ^^^^^^^^^^^^^^^^^^^^^^^^^^
  File "C:\Users\CensoredBear.Natalia\habit_tracker_bot\venv\Lib\site-packages\telegram\_bot.py", line 4601, in get_updates
    await self._post(
  File "C:\Users\CensoredBear.Natalia\habit_tracker_bot\venv\Lib\site-packages\telegram\_bot.py", line 697, in _post
    return await self._do_post(
           ^^^^^^^^^^^^^^^^^^^^
  File "C:\Users\CensoredBear.Natalia\habit_tracker_bot\venv\Lib\site-packages\telegram\ext\_extbot.py", line 369, in _do_post
    return await super()._do_post(
           ^^^^^^^^^^^^^^^^^^^^^^^
  File "C:\Users\CensoredBear.Natalia\habit_tracker_bot\venv\Lib\site-packages\telegram\_bot.py", line 726, in _do_post
    result = await request.post(
             ^^^^^^^^^^^^^^^^^^^
  File "C:\Users\CensoredBear.Natalia\habit_tracker_bot\venv\Lib\site-packages\telegram\request\_baserequest.py", line 197, in post
    result = await self._request_wrapper(
             ^^^^^^^^^^^^^^^^^^^^^^^^^^^^
  File "C:\Users\CensoredBear.Natalia\habit_tracker_bot\venv\Lib\site-packages\telegram\request\_baserequest.py", line 355, in _request_wrapper
    raise Conflict(message)
telegram.error.Conflict: Conflict: terminated by other getUpdates request; make sure that only one bot instance is running
2025-05-31 22:33:04,082 - telegram.ext.Updater - ERROR - Exception happened while polling for updates.
Traceback (most recent call last):
  File "C:\Users\CensoredBear.Natalia\habit_tracker_bot\venv\Lib\site-packages\telegram\ext\_utils\networkloop.py", line 115, in network_retry_loop
    if not await do_action():
           ^^^^^^^^^^^^^^^^^
  File "C:\Users\CensoredBear.Natalia\habit_tracker_bot\venv\Lib\site-packages\telegram\ext\_utils\networkloop.py", line 108, in do_action
    return action_cb_task.result()
           ^^^^^^^^^^^^^^^^^^^^^^^
  File "C:\Users\CensoredBear.Natalia\habit_tracker_bot\venv\Lib\site-packages\telegram\ext\_updater.py", line 335, in polling_action_cb
    updates = await self.bot.get_updates(
              ^^^^^^^^^^^^^^^^^^^^^^^^^^^
  File "C:\Users\CensoredBear.Natalia\habit_tracker_bot\venv\Lib\site-packages\telegram\ext\_extbot.py", line 669, in get_updates
    updates = await super().get_updates(
              ^^^^^^^^^^^^^^^^^^^^^^^^^^
  File "C:\Users\CensoredBear.Natalia\habit_tracker_bot\venv\Lib\site-packages\telegram\_bot.py", line 4601, in get_updates
    await self._post(
  File "C:\Users\CensoredBear.Natalia\habit_tracker_bot\venv\Lib\site-packages\telegram\_bot.py", line 697, in _post
    return await self._do_post(
           ^^^^^^^^^^^^^^^^^^^^
  File "C:\Users\CensoredBear.Natalia\habit_tracker_bot\venv\Lib\site-packages\telegram\ext\_extbot.py", line 369, in _do_post
    return await super()._do_post(
           ^^^^^^^^^^^^^^^^^^^^^^^
  File "C:\Users\CensoredBear.Natalia\habit_tracker_bot\venv\Lib\site-packages\telegram\_bot.py", line 726, in _do_post
    result = await request.post(
             ^^^^^^^^^^^^^^^^^^^
  File "C:\Users\CensoredBear.Natalia\habit_tracker_bot\venv\Lib\site-packages\telegram\request\_baserequest.py", line 197, in post
    result = await self._request_wrapper(
             ^^^^^^^^^^^^^^^^^^^^^^^^^^^^
  File "C:\Users\CensoredBear.Natalia\habit_tracker_bot\venv\Lib\site-packages\telegram\request\_baserequest.py", line 355, in _request_wrapper
    raise Conflict(message)
telegram.error.Conflict: Conflict: terminated by other getUpdates request; make sure that only one bot instance is running
2025-05-31 22:33:07,662 - telegram.ext.Updater - ERROR - Exception happened while polling for updates.
Traceback (most recent call last):
  File "C:\Users\CensoredBear.Natalia\habit_tracker_bot\venv\Lib\site-packages\telegram\ext\_utils\networkloop.py", line 115, in network_retry_loop
    if not await do_action():
           ^^^^^^^^^^^^^^^^^
  File "C:\Users\CensoredBear.Natalia\habit_tracker_bot\venv\Lib\site-packages\telegram\ext\_utils\networkloop.py", line 108, in do_action
    return action_cb_task.result()
           ^^^^^^^^^^^^^^^^^^^^^^^
  File "C:\Users\CensoredBear.Natalia\habit_tracker_bot\venv\Lib\site-packages\telegram\ext\_updater.py", line 335, in polling_action_cb
    updates = await self.bot.get_updates(
              ^^^^^^^^^^^^^^^^^^^^^^^^^^^
  File "C:\Users\CensoredBear.Natalia\habit_tracker_bot\venv\Lib\site-packages\telegram\ext\_extbot.py", line 669, in get_updates
    updates = await super().get_updates(
              ^^^^^^^^^^^^^^^^^^^^^^^^^^
  File "C:\Users\CensoredBear.Natalia\habit_tracker_bot\venv\Lib\site-packages\telegram\_bot.py", line 4601, in get_updates
    await self._post(
  File "C:\Users\CensoredBear.Natalia\habit_tracker_bot\venv\Lib\site-packages\telegram\_bot.py", line 697, in _post
    return await self._do_post(
           ^^^^^^^^^^^^^^^^^^^^
  File "C:\Users\CensoredBear.Natalia\habit_tracker_bot\venv\Lib\site-packages\telegram\ext\_extbot.py", line 369, in _do_post
    return await super()._do_post(
           ^^^^^^^^^^^^^^^^^^^^^^^
  File "C:\Users\CensoredBear.Natalia\habit_tracker_bot\venv\Lib\site-packages\telegram\_bot.py", line 726, in _do_post
    result = await request.post(
             ^^^^^^^^^^^^^^^^^^^
  File "C:\Users\CensoredBear.Natalia\habit_tracker_bot\venv\Lib\site-packages\telegram\request\_baserequest.py", line 197, in post
    result = await self._request_wrapper(
             ^^^^^^^^^^^^^^^^^^^^^^^^^^^^
  File "C:\Users\CensoredBear.Natalia\habit_tracker_bot\venv\Lib\site-packages\telegram\request\_baserequest.py", line 355, in _request_wrapper
    raise Conflict(message)
telegram.error.Conflict: Conflict: terminated by other getUpdates request; make sure that only one bot instance is running
2025-05-31 22:33:13,347 - telegram.ext.Updater - ERROR - Exception happened while polling for updates.
Traceback (most recent call last):
  File "C:\Users\CensoredBear.Natalia\habit_tracker_bot\venv\Lib\site-packages\telegram\ext\_utils\networkloop.py", line 115, in network_retry_loop
    if not await do_action():
           ^^^^^^^^^^^^^^^^^
  File "C:\Users\CensoredBear.Natalia\habit_tracker_bot\venv\Lib\site-packages\telegram\ext\_utils\networkloop.py", line 108, in do_action
    return action_cb_task.result()
           ^^^^^^^^^^^^^^^^^^^^^^^
  File "C:\Users\CensoredBear.Natalia\habit_tracker_bot\venv\Lib\site-packages\telegram\ext\_updater.py", line 335, in polling_action_cb
    updates = await self.bot.get_updates(
              ^^^^^^^^^^^^^^^^^^^^^^^^^^^
  File "C:\Users\CensoredBear.Natalia\habit_tracker_bot\venv\Lib\site-packages\telegram\ext\_extbot.py", line 669, in get_updates
    updates = await super().get_updates(
              ^^^^^^^^^^^^^^^^^^^^^^^^^^
  File "C:\Users\CensoredBear.Natalia\habit_tracker_bot\venv\Lib\site-packages\telegram\_bot.py", line 4601, in get_updates
    await self._post(
  File "C:\Users\CensoredBear.Natalia\habit_tracker_bot\venv\Lib\site-packages\telegram\_bot.py", line 697, in _post
    return await self._do_post(
           ^^^^^^^^^^^^^^^^^^^^
  File "C:\Users\CensoredBear.Natalia\habit_tracker_bot\venv\Lib\site-packages\telegram\ext\_extbot.py", line 369, in _do_post
    return await super()._do_post(
           ^^^^^^^^^^^^^^^^^^^^^^^
  File "C:\Users\CensoredBear.Natalia\habit_tracker_bot\venv\Lib\site-packages\telegram\_bot.py", line 726, in _do_post
    result = await request.post(
             ^^^^^^^^^^^^^^^^^^^
  File "C:\Users\CensoredBear.Natalia\habit_tracker_bot\venv\Lib\site-packages\telegram\request\_baserequest.py", line 197, in post
    result = await self._request_wrapper(
             ^^^^^^^^^^^^^^^^^^^^^^^^^^^^
  File "C:\Users\CensoredBear.Natalia\habit_tracker_bot\venv\Lib\site-packages\telegram\request\_baserequest.py", line 355, in _request_wrapper
    raise Conflict(message)
telegram.error.Conflict: Conflict: terminated by other getUpdates request; make sure that only one bot instance is running
2025-05-31 22:33:19,046 - telegram.ext.Updater - ERROR - Exception happened while polling for updates.
Traceback (most recent call last):
  File "C:\Users\CensoredBear.Natalia\habit_tracker_bot\venv\Lib\site-packages\telegram\ext\_utils\networkloop.py", line 115, in network_retry_loop
    if not await do_action():
           ^^^^^^^^^^^^^^^^^
  File "C:\Users\CensoredBear.Natalia\habit_tracker_bot\venv\Lib\site-packages\telegram\ext\_utils\networkloop.py", line 108, in do_action
    return action_cb_task.result()
           ^^^^^^^^^^^^^^^^^^^^^^^
  File "C:\Users\CensoredBear.Natalia\habit_tracker_bot\venv\Lib\site-packages\telegram\ext\_updater.py", line 335, in polling_action_cb
    updates = await self.bot.get_updates(
              ^^^^^^^^^^^^^^^^^^^^^^^^^^^
  File "C:\Users\CensoredBear.Natalia\habit_tracker_bot\venv\Lib\site-packages\telegram\ext\_extbot.py", line 669, in get_updates
    updates = await super().get_updates(
              ^^^^^^^^^^^^^^^^^^^^^^^^^^
  File "C:\Users\CensoredBear.Natalia\habit_tracker_bot\venv\Lib\site-packages\telegram\_bot.py", line 4601, in get_updates
    await self._post(
  File "C:\Users\CensoredBear.Natalia\habit_tracker_bot\venv\Lib\site-packages\telegram\_bot.py", line 697, in _post
    return await self._do_post(
           ^^^^^^^^^^^^^^^^^^^^
  File "C:\Users\CensoredBear.Natalia\habit_tracker_bot\venv\Lib\site-packages\telegram\ext\_extbot.py", line 369, in _do_post
    return await super()._do_post(
           ^^^^^^^^^^^^^^^^^^^^^^^
  File "C:\Users\CensoredBear.Natalia\habit_tracker_bot\venv\Lib\site-packages\telegram\_bot.py", line 726, in _do_post
    result = await request.post(
             ^^^^^^^^^^^^^^^^^^^
  File "C:\Users\CensoredBear.Natalia\habit_tracker_bot\venv\Lib\site-packages\telegram\request\_baserequest.py", line 197, in post
    result = await self._request_wrapper(
             ^^^^^^^^^^^^^^^^^^^^^^^^^^^^
  File "C:\Users\CensoredBear.Natalia\habit_tracker_bot\venv\Lib\site-packages\telegram\request\_baserequest.py", line 355, in _request_wrapper
    raise Conflict(message)
telegram.error.Conflict: Conflict: terminated by other getUpdates request; make sure that only one bot instance is running
2025-05-31 22:33:27,235 - telegram.ext.Updater - ERROR - Exception happened while polling for updates.
Traceback (most recent call last):
  File "C:\Users\CensoredBear.Natalia\habit_tracker_bot\venv\Lib\site-packages\telegram\ext\_utils\networkloop.py", line 115, in network_retry_loop
    if not await do_action():
           ^^^^^^^^^^^^^^^^^
  File "C:\Users\CensoredBear.Natalia\habit_tracker_bot\venv\Lib\site-packages\telegram\ext\_utils\networkloop.py", line 108, in do_action
    return action_cb_task.result()
           ^^^^^^^^^^^^^^^^^^^^^^^
  File "C:\Users\CensoredBear.Natalia\habit_tracker_bot\venv\Lib\site-packages\telegram\ext\_updater.py", line 335, in polling_action_cb
    updates = await self.bot.get_updates(
              ^^^^^^^^^^^^^^^^^^^^^^^^^^^
  File "C:\Users\CensoredBear.Natalia\habit_tracker_bot\venv\Lib\site-packages\telegram\ext\_extbot.py", line 669, in get_updates
    updates = await super().get_updates(
              ^^^^^^^^^^^^^^^^^^^^^^^^^^
  File "C:\Users\CensoredBear.Natalia\habit_tracker_bot\venv\Lib\site-packages\telegram\_bot.py", line 4601, in get_updates
    await self._post(
  File "C:\Users\CensoredBear.Natalia\habit_tracker_bot\venv\Lib\site-packages\telegram\_bot.py", line 697, in _post
    return await self._do_post(
           ^^^^^^^^^^^^^^^^^^^^
  File "C:\Users\CensoredBear.Natalia\habit_tracker_bot\venv\Lib\site-packages\telegram\ext\_extbot.py", line 369, in _do_post
    return await super()._do_post(
           ^^^^^^^^^^^^^^^^^^^^^^^
  File "C:\Users\CensoredBear.Natalia\habit_tracker_bot\venv\Lib\site-packages\telegram\_bot.py", line 726, in _do_post
    result = await request.post(
             ^^^^^^^^^^^^^^^^^^^
  File "C:\Users\CensoredBear.Natalia\habit_tracker_bot\venv\Lib\site-packages\telegram\request\_baserequest.py", line 197, in post
    result = await self._request_wrapper(
             ^^^^^^^^^^^^^^^^^^^^^^^^^^^^
  File "C:\Users\CensoredBear.Natalia\habit_tracker_bot\venv\Lib\site-packages\telegram\request\_baserequest.py", line 355, in _request_wrapper
    raise Conflict(message)
telegram.error.Conflict: Conflict: terminated by other getUpdates request; make sure that only one bot instance is running
2025-05-31 22:33:32,774 - __main__ - INFO - Пользователь 989822762 (Наталья) запустил бота командой /start
2025-05-31 22:34:22,090 - __main__ - INFO - Бот запущен в 2025-05-31 14:34:22.090814+00:00
2025-05-31 22:34:23,638 - __main__ - INFO - Startup message sent to admin chat
2025-05-31 22:34:24,500 - __main__ - INFO - Игнорируем старое сообщение от 989822762 (отправлено до запуска бота)
2025-05-31 22:34:30,206 - __main__ - INFO - Пользователь 989822762 (Наталья) запустил бота командой /start
2025-05-31 22:34:41,826 - __main__ - INFO - Пользователь 989822762 (Наталья) запустил бота командой /start
2025-05-31 22:34:49,470 - __main__ - INFO - Пользователь 989822762 (Наталья) запустил бота командой /start
2025-05-31 22:38:04,823 - __main__ - INFO - Бот запущен в 2025-05-31 14:38:04.823735+00:00
2025-05-31 22:38:06,899 - __main__ - INFO - Startup message sent to admin chat
2025-05-31 22:38:06,944 - asyncio - ERROR - Task was destroyed but it is pending!
task: <Task pending name='Application:8190481931:update_fetcher' coro=<Application._update_fetcher() done, defined at C:\Users\CensoredBear.Natalia\habit_tracker_bot\venv\Lib\site-packages\telegram\ext\_application.py:1219> wait_for=<Future cancelled>>
2025-05-31 22:38:52,817 - __main__ - INFO - Бот запущен в 2025-05-31 14:38:52.817120+00:00
2025-05-31 22:38:54,293 - __main__ - INFO - Startup message sent to admin chat
2025-05-31 22:38:55,136 - __main__ - INFO - Игнорируем старое сообщение от 989822762 (отправлено до запуска бота)
2025-05-31 22:39:43,774 - __main__ - INFO - Бот запущен в 2025-05-31 14:39:43.774165+00:00
2025-05-31 22:39:46,054 - __main__ - INFO - Startup message sent to admin chat
